options);

In main2_4 (line 32)
[x,fval,exitFlag,output] = simulannealbnd(@objectFun, pstart,lb,ub, ...
 
>> main2_4 

                           Best        Current           Mean
Iteration   f-count         f(x)         f(x)         temperature
     0          1        0.19773        0.19773            100
*   65         76       0.193342       0.223898         15.195
*  137        158       0.193342        1.10371         11.019
*  203        234       0.193342       0.251353        13.2988
*  267        308       0.193041       0.315968        18.0834
*  327        378        0.19166       0.235487        21.1259
   400        451       0.189134       0.197883        1.15536
*  406        467       0.189134       0.217114        12.0521
*  479        550       0.189134       0.586573         9.2081
*  540        621       0.189134       0.607951        13.0825
*  602        693       0.189134       0.534309        15.6876
*  670        771       0.189134       0.215014        11.5074
*  736        847       0.189134       0.247519        14.8329
   800        911       0.189134       0.416313        1.29551
*  809        930       0.189134       0.545651        11.0884
*  873       1004       0.185109       0.229399        12.5179
*  947       1088       0.185109       0.444454        13.1805
* 1010       1161       0.185109       0.226448         9.5696
* 1086       1247       0.185109       0.208856        10.9303
* 1154       1325       0.185109        0.20386        25.3794
  1200       1371       0.185109       0.857828        1.75655
* 1212       1393       0.185109       0.825626        10.0537
* 1286       1477       0.183807       0.231712        16.9547
* 1348       1549       0.183807        0.23773        10.8742
* 1418       1629       0.183807       0.480155        15.1221
* 1491       1712       0.183807       0.305302        14.2004
* 1561       1792       0.183807       0.269632        11.3239
  1600       1831       0.183807       0.465363         1.8797
* 1631       1872       0.183807       0.542394        12.5254
* 1696       1947       0.183807       0.254936        13.4084
* 1763       2024       0.183807       0.276831        11.3149
* 1833       2104       0.183807        0.27612        18.5246
* 1894       2175       0.183807       0.234131        25.8642
* 1963       2254       0.183807       0.552545        12.5619
  2000       2291       0.183807       0.212057        1.96682
* 2028       2329       0.183807       0.311937        16.4308
* 2092       2403       0.183807       0.496219        13.2512
* 2162       2483       0.183807       0.199441        11.2364
* 2237       2568       0.183807       0.445101        14.5542
* 2308       2649       0.183807       0.208534        9.65841
* 2384       2735       0.183807        0.34549        14.3287
  2400       2751       0.183807       0.214865        3.66141
* 2456       2817       0.183807       0.219472        12.3427
* 2526       2897       0.183807       0.608539        10.5088
* 2603       2984       0.183807       0.270141        12.1826
* 2675       3066       0.183807        0.19006        14.4245
* 2740       3141       0.183807       0.273054        29.2311
  2800       3201       0.183807       0.994137        1.37954
* 2809       3220       0.183807       0.810149        10.8414
* 2877       3298       0.183807       0.811974        13.3812
* 2958       3389       0.183807       0.702663        11.5932
* 3026       3467       0.183807       0.235694        13.1751
* 3109       3560       0.183807       0.244795        12.2319
* 3189       3650       0.183807       0.513198        11.0193
  3200       3661       0.183807       0.501659         4.3782
* 3260       3731       0.183807       0.206085        26.6549
* 3329       3810       0.183807        0.77246        9.65074
* 3395       3886       0.183807       0.202198         13.074
* 3475       3976       0.183807       0.195018        10.8032
* 3553       4064       0.183807       0.215592        19.2022
  3600       4111       0.183807       0.198401        1.68166
* 3632       4153       0.183807       0.216421        11.8673
* 3705       4236       0.183807       0.250924         12.199
* 3774       4315       0.183807       0.215274        11.0946
* 3840       4391       0.183807       0.474056        14.2772
* 3911       4472       0.183807       0.209094        10.0544
* 3984       4555       0.183807       0.281891        10.7312
  4000       4571       0.183807        0.54743        3.45994
* 4059       4640       0.183807        0.19431        13.0018
* 4126       4717       0.183807       0.346163        14.7184
* 4199       4800       0.183807       0.344481        16.2462
* 4265       4876       0.183807       0.202031        11.0187
* 4329       4950       0.183807       0.497225        13.3197
  4400       5021       0.183807        0.19937        1.16637
* 4411       5042       0.183807       0.206605        10.3057
* 4482       5123       0.183807       0.229569        12.5465
* 4550       5201       0.183807        0.44488         12.564
* 4619       5280       0.183807       0.294899        16.9165
* 4687       5358       0.183807       0.434357        14.4085
* 4755       5436       0.183268       0.204179         15.588
  4800       5481       0.183268       0.944316        1.74821
* 4811       5502       0.183268       0.435905        14.3226
* 4883       5584       0.183268        0.22022        16.3562
* 4947       5658       0.183268        1.01483         10.656
* 5009       5730       0.183268       0.351455        15.1154
* 5073       5804       0.183268       0.719111        13.6218
* 5150       5891       0.183268       0.614491        9.77011
  5200       5941       0.183268       0.288345         1.5179
* 5219       5970       0.183268       0.448062        14.5907
* 5288       6049       0.183268       0.493544        14.1705
* 5355       6126       0.183268       0.850622         13.119
* 5426       6207       0.183268       0.363465         14.813
* 5489       6280       0.183268        1.18508        9.01225
* 5563       6364       0.183268       0.252436        12.5968
  5600       6401       0.183268       0.239835        2.00125
* 5628       6439       0.183268       0.294997        12.0947
* 5705       6526       0.183268       0.234156        12.7381
* 5782       6613       0.183268       0.201352        11.1969
* 5854       6695       0.183268       0.211056        15.1976
* 5928       6779       0.183268       0.452299        12.8624
* 5997       6858       0.183268        0.20992        10.6164
  6000       6861       0.183268       0.195732         7.4023
* 6075       6946       0.183268       0.856931         10.659
* 6135       7016       0.183268       0.234339        11.9713
* 6209       7100       0.183268       0.263153        10.2226
* 6272       7173       0.183268       0.743054        13.4108
* 6337       7248       0.183268       0.229279        12.3312
* 6399       7320       0.183268       0.193467        13.3635
  6400       7321       0.183268        0.23665        11.3771
* 6477       7408       0.183268       0.222841        14.8476
* 6538       7479       0.183268       0.195089        18.5863
* 6614       7565       0.183268        0.25455        14.3225
* 6682       7643       0.183268       0.326556        18.0499
* 6748       7719       0.183268       0.251285         11.159
  6800       7771       0.183268       0.273554        1.49928
* 6817       7798       0.183268       0.393054        15.0322
* 6886       7877       0.183268       0.230915        12.1332
* 6949       7950       0.183268       0.700704         12.982
* 7025       8036       0.183268       0.301476        14.7668
* 7090       8111       0.183268        1.13415        11.1407
* 7156       8187       0.183268       0.386459        14.9904
  7200       8231       0.183268       0.512258        1.72847
* 7224       8265       0.183268       0.208081        14.7009
* 7298       8349       0.182269       0.223374        11.4839
* 7364       8425       0.182269       0.201059        11.4358
* 7437       8508       0.182269       0.219797         11.869
* 7507       8588       0.182269       0.307211        21.6189
* 7575       8666       0.182269       0.264984        12.3107
  7600       8691       0.182269        0.21248        2.66068
* 7636       8737       0.182269        0.23603        13.5239
* 7707       8818       0.182269       0.271894         11.282
* 7785       8906       0.182269       0.211756        18.9306
* 7853       8984       0.182269        1.10096        11.8686
* 7923       9064       0.182269       0.217271        13.7474
* 8000       9151       0.182269       0.670452        10.1422
* 8071       9232       0.182269       0.227105         12.578
* 8149       9320       0.182269       0.296333        11.5126
* 8215       9396       0.182269       0.232133        12.9131
* 8278       9469       0.182269       0.220657         10.524
* 8356       9557       0.182269       0.205562         10.548
  8400       9601       0.182269         1.0637        1.69355
* 8431       9642       0.182269       0.271926        10.9125
* 8499       9720       0.182269       0.239178        11.9398
* 8572       9803       0.182269       0.334022        13.8033
* 8637       9878       0.182269       0.233767        16.9084
* 8717       9968       0.180974       0.260816        14.6656
* 8782      10043       0.180974       0.235543        13.9842
  8800      10061       0.180974       0.295323        3.43272
* 8853      10124       0.180974       0.341342        16.9481
* 8917      10198       0.180974       0.429838        13.8339
* 8980      10271       0.180974       0.332019        17.2353
* 9049      10350       0.180974       0.432023        14.2393
* 9116      10427       0.180974       0.313533        10.7776
* 9194      10515       0.180974       0.226747        11.8804
  9200      10521       0.180974       0.323752        6.18514
* 9280      10611       0.180974        0.81798        10.4951
* 9348      10689       0.180974       0.184497        11.1775
* 9421      10772       0.180974       0.983408        10.6683
* 9491      10852       0.180974       0.547844        12.8622
* 9561      10932       0.180974       0.219961        11.7712
  9600      10971       0.180974       0.215374        1.86716
* 9642      11023       0.180974       0.251491        11.3265
* 9714      11105       0.180974       0.302905        13.9557
* 9786      11187       0.180974       0.360879        15.2252
* 9859      11270       0.180974       0.220301        14.9798
* 9935      11356       0.180974       0.226467        13.4605
 10000      11421       0.180974       0.366005        1.26446
*10011      11442       0.180974       0.251244        10.5447
*10079      11520       0.180974       0.204627         14.143
*10143      11594       0.180974       0.210917         12.169
*10203      11664       0.180974       0.300712        10.4501
*10263      11734       0.180974       0.288817        12.0463
*10338      11819       0.180974       0.291373        12.3007
 10400      11881       0.180974       0.228578        1.31019
*10411      11902       0.180974       0.237282        15.1403
*10489      11990       0.180974       0.228106         11.653
*10553      12064       0.180974       0.227169        16.5836
*10613      12134       0.180974       0.248255        20.2654
*10674      12205       0.180974       0.228971         10.427
*10746      12287       0.180974        0.21153        10.0671
 10800      12341       0.180974       0.277651        1.42571
*10814      12365       0.180974       0.269884        13.8139
*10889      12450       0.180974       0.631101        11.4618
*10953      12524       0.180974         0.2202        14.3254
*11021      12602       0.180974       0.290928         9.5825
*11086      12677       0.180974       0.224589        31.7084
*11146      12747       0.180974       0.274285        13.4966
 11200      12801       0.180974       0.269322        1.49315
*11218      12829       0.180974       0.215102        15.0482
*11285      12906       0.180974        0.21067        17.9208
*11362      12993       0.180974       0.720791        13.3115
*11424      13065       0.180974       0.257061        15.8227
*11491      13142       0.180974       0.268892        12.0567
*11565      13226       0.180974        0.20396        10.4531
 11600      13261       0.180974       0.271192        2.00509
*11639      13310       0.180974       0.271056        11.9032
*11704      13385       0.180974       0.424107        13.3915
*11780      13471       0.180974       0.244403          11.65
*11848      13549       0.180974       0.633643        10.7093
*11911      13622       0.180974         1.0869        11.2214
*11984      13705       0.180974       0.386147        14.9919
 12000      13721       0.180974       0.213514         3.6996

                           Best        Current           Mean
Iteration   f-count         f(x)         f(x)         temperature
*12051      13782       0.180974       0.738416         13.578
*12116      13857       0.180974       0.637233        11.3073
*12185      13936       0.180974        0.20648        14.8391
*12257      14018       0.180974        0.20858        11.4172
*12326      14097       0.180974       0.219508        17.5909
*12399      14180       0.180974        0.20535        11.4258
 12400      14181       0.180974       0.290472        9.83645
*12468      14259       0.180974       0.295972        12.1197
*12548      14349       0.180974       0.715716        12.0667
*12614      14425       0.180974       0.218334        14.6552
*12679      14500       0.180974       0.499594        14.9111
*12751      14582       0.180974       0.291166          18.73
 12800      14631       0.180974       0.219358        1.61036
*12818      14659       0.180974       0.304221        12.7494
*12883      14734       0.180974       0.425509        14.0684
*12954      14815       0.180974        1.35972        9.61321
*13025      14896       0.180974       0.752994        12.5674
*13097      14978       0.180974       0.519775        12.3287
*13172      15063       0.180974       0.510022        14.1453
 13200      15091       0.180974       0.685954        2.44149
*13238      15139       0.180974       0.343682        17.9225
*13311      15222       0.180974       0.221997        12.4516
*13390      15311       0.180974       0.581318        13.2301
*13465      15396       0.180974       0.194899        13.3319
*13533      15474       0.180974       0.291021        13.5863
*13592      15543       0.180974       0.204257        11.6136
 13600      15551       0.180974       0.281494        5.23413
*13671      15632       0.180974       0.244955         12.688
Optimization terminated: change in best function value less than options.TolFun.

x =

    0.1911
   -0.4967
    0.5537
    0.2803
    0.0961
   -2.5705
    0.1677
    0.0004
    0.3249
   -1.7521


fval =

    0.1810


exitFlag =

     1


output = 

     iterations: 13678
      funccount: 15639
        message: [1x80 char]
       rngstate: [1x1 struct]
    problemtype: 'boundconstraints'
    temperature: [10x1 double]
      totaltime: 2.1313e+04

The number of iterations was : 13678
The number of function evaluations was : 15639
